mode: set
github.com/najibjodiansyah/mekari-employee/model/domain/employee.go:20.52,23.16 3 1
github.com/najibjodiansyah/mekari-employee/model/domain/employee.go:23.16,26.3 2 1
github.com/najibjodiansyah/mekari-employee/model/domain/employee.go:26.8,28.3 1 1
github.com/najibjodiansyah/mekari-employee/repository/employee.go:25.59,29.2 1 0
github.com/najibjodiansyah/mekari-employee/repository/employee.go:31.93,34.16 3 0
github.com/najibjodiansyah/mekari-employee/repository/employee.go:34.16,36.45 2 0
github.com/najibjodiansyah/mekari-employee/repository/employee.go:36.45,38.4 1 0
github.com/najibjodiansyah/mekari-employee/repository/employee.go:39.3,39.45 1 0
github.com/najibjodiansyah/mekari-employee/repository/employee.go:41.2,41.23 1 0
github.com/najibjodiansyah/mekari-employee/repository/employee.go:44.100,47.16 3 0
github.com/najibjodiansyah/mekari-employee/repository/employee.go:47.16,49.45 2 0
github.com/najibjodiansyah/mekari-employee/repository/employee.go:49.45,51.4 1 0
github.com/najibjodiansyah/mekari-employee/repository/employee.go:52.3,52.45 1 0
github.com/najibjodiansyah/mekari-employee/repository/employee.go:54.2,54.23 1 0
github.com/najibjodiansyah/mekari-employee/repository/employee.go:57.96,59.16 2 0
github.com/najibjodiansyah/mekari-employee/repository/employee.go:59.16,62.3 2 0
github.com/najibjodiansyah/mekari-employee/repository/employee.go:63.2,63.12 1 0
github.com/najibjodiansyah/mekari-employee/repository/employee.go:66.95,68.16 2 0
github.com/najibjodiansyah/mekari-employee/repository/employee.go:68.16,71.3 2 0
github.com/najibjodiansyah/mekari-employee/repository/employee.go:72.2,72.12 1 0
github.com/najibjodiansyah/mekari-employee/repository/employee.go:75.76,77.16 2 0
github.com/najibjodiansyah/mekari-employee/repository/employee.go:77.16,80.3 2 0
github.com/najibjodiansyah/mekari-employee/repository/employee.go:81.2,81.12 1 0
github.com/najibjodiansyah/mekari-employee/service/employee.go:23.85,27.2 1 1
github.com/najibjodiansyah/mekari-employee/service/employee.go:29.85,31.16 2 1
github.com/najibjodiansyah/mekari-employee/service/employee.go:31.16,33.3 1 1
github.com/najibjodiansyah/mekari-employee/service/employee.go:34.2,34.23 1 1
github.com/najibjodiansyah/mekari-employee/service/employee.go:37.95,39.16 2 1
github.com/najibjodiansyah/mekari-employee/service/employee.go:39.16,41.3 1 1
github.com/najibjodiansyah/mekari-employee/service/employee.go:42.2,42.22 1 1
github.com/najibjodiansyah/mekari-employee/service/employee.go:45.93,46.31 1 1
github.com/najibjodiansyah/mekari-employee/service/employee.go:46.31,47.51 1 1
github.com/najibjodiansyah/mekari-employee/service/employee.go:47.51,49.4 1 1
github.com/najibjodiansyah/mekari-employee/service/employee.go:51.2,52.16 2 1
github.com/najibjodiansyah/mekari-employee/service/employee.go:52.16,54.3 1 1
github.com/najibjodiansyah/mekari-employee/service/employee.go:55.2,55.12 1 1
github.com/najibjodiansyah/mekari-employee/service/employee.go:58.100,60.16 2 0
github.com/najibjodiansyah/mekari-employee/service/employee.go:60.16,62.3 1 0
github.com/najibjodiansyah/mekari-employee/service/employee.go:65.2,65.31 1 0
github.com/najibjodiansyah/mekari-employee/service/employee.go:65.31,66.50 1 0
github.com/najibjodiansyah/mekari-employee/service/employee.go:66.50,68.4 1 0
github.com/najibjodiansyah/mekari-employee/service/employee.go:70.2,70.31 1 0
github.com/najibjodiansyah/mekari-employee/service/employee.go:70.31,72.3 1 0
github.com/najibjodiansyah/mekari-employee/service/employee.go:73.2,73.30 1 0
github.com/najibjodiansyah/mekari-employee/service/employee.go:73.30,75.3 1 0
github.com/najibjodiansyah/mekari-employee/service/employee.go:76.2,76.27 1 0
github.com/najibjodiansyah/mekari-employee/service/employee.go:76.27,78.3 1 0
github.com/najibjodiansyah/mekari-employee/service/employee.go:79.2,79.31 1 0
github.com/najibjodiansyah/mekari-employee/service/employee.go:79.31,81.3 1 0
github.com/najibjodiansyah/mekari-employee/service/employee.go:83.2,84.16 2 0
github.com/najibjodiansyah/mekari-employee/service/employee.go:84.16,86.3 1 0
github.com/najibjodiansyah/mekari-employee/service/employee.go:87.2,87.12 1 0
github.com/najibjodiansyah/mekari-employee/service/employee.go:90.73,92.16 2 1
github.com/najibjodiansyah/mekari-employee/service/employee.go:92.16,94.3 1 1
github.com/najibjodiansyah/mekari-employee/service/employee.go:95.2,96.16 2 1
github.com/najibjodiansyah/mekari-employee/service/employee.go:96.16,98.3 1 1
github.com/najibjodiansyah/mekari-employee/service/employee.go:99.2,99.12 1 1
github.com/najibjodiansyah/mekari-employee/tests/mocks/repo/mock_employee_repository.go:27.81,31.2 3 1
github.com/najibjodiansyah/mekari-employee/tests/mocks/repo/mock_employee_repository.go:34.79,36.2 1 1
github.com/najibjodiansyah/mekari-employee/tests/mocks/repo/mock_employee_repository.go:39.76,44.2 4 1
github.com/najibjodiansyah/mekari-employee/tests/mocks/repo/mock_employee_repository.go:47.88,50.2 2 1
github.com/najibjodiansyah/mekari-employee/tests/mocks/repo/mock_employee_repository.go:53.95,58.2 4 1
github.com/najibjodiansyah/mekari-employee/tests/mocks/repo/mock_employee_repository.go:61.94,64.2 2 1
github.com/najibjodiansyah/mekari-employee/tests/mocks/repo/mock_employee_repository.go:67.93,73.2 5 1
github.com/najibjodiansyah/mekari-employee/tests/mocks/repo/mock_employee_repository.go:76.87,79.2 2 1
github.com/najibjodiansyah/mekari-employee/tests/mocks/repo/mock_employee_repository.go:82.100,88.2 5 1
github.com/najibjodiansyah/mekari-employee/tests/mocks/repo/mock_employee_repository.go:91.92,94.2 2 1
github.com/najibjodiansyah/mekari-employee/tests/mocks/repo/mock_employee_repository.go:97.95,102.2 4 0
github.com/najibjodiansyah/mekari-employee/tests/mocks/repo/mock_employee_repository.go:105.94,108.2 2 0
github.com/najibjodiansyah/mekari-employee/controller/controller.go:22.119,27.2 1 1
github.com/najibjodiansyah/mekari-employee/controller/controller.go:29.60,39.28 2 1
github.com/najibjodiansyah/mekari-employee/controller/controller.go:39.28,40.34 1 1
github.com/najibjodiansyah/mekari-employee/controller/controller.go:40.34,44.5 1 1
github.com/najibjodiansyah/mekari-employee/controller/controller.go:45.4,46.19 2 1
github.com/najibjodiansyah/mekari-employee/controller/controller.go:49.2,56.12 7 1
github.com/najibjodiansyah/mekari-employee/controller/controller.go:59.20,70.2 8 0
github.com/najibjodiansyah/mekari-employee/controller/employee.go:19.59,21.16 2 1
github.com/najibjodiansyah/mekari-employee/controller/employee.go:21.16,22.41 1 1
github.com/najibjodiansyah/mekari-employee/controller/employee.go:22.41,27.4 1 0
github.com/najibjodiansyah/mekari-employee/controller/employee.go:28.3,31.5 1 1
github.com/najibjodiansyah/mekari-employee/controller/employee.go:33.2,36.4 1 1
github.com/najibjodiansyah/mekari-employee/controller/employee.go:39.60,41.44 2 1
github.com/najibjodiansyah/mekari-employee/controller/employee.go:41.44,45.3 1 1
github.com/najibjodiansyah/mekari-employee/controller/employee.go:46.2,46.49 1 1
github.com/najibjodiansyah/mekari-employee/controller/employee.go:46.49,50.3 1 1
github.com/najibjodiansyah/mekari-employee/controller/employee.go:51.2,52.16 2 1
github.com/najibjodiansyah/mekari-employee/controller/employee.go:52.16,53.55 1 1
github.com/najibjodiansyah/mekari-employee/controller/employee.go:53.55,57.4 1 1
github.com/najibjodiansyah/mekari-employee/controller/employee.go:58.3,60.5 1 0
github.com/najibjodiansyah/mekari-employee/controller/employee.go:62.2,64.4 1 1
github.com/najibjodiansyah/mekari-employee/controller/employee.go:67.63,70.16 3 1
github.com/najibjodiansyah/mekari-employee/controller/employee.go:70.16,74.3 1 1
github.com/najibjodiansyah/mekari-employee/controller/employee.go:75.2,76.16 2 1
github.com/najibjodiansyah/mekari-employee/controller/employee.go:76.16,77.41 1 1
github.com/najibjodiansyah/mekari-employee/controller/employee.go:77.41,82.4 1 1
github.com/najibjodiansyah/mekari-employee/controller/employee.go:83.3,86.5 1 1
github.com/najibjodiansyah/mekari-employee/controller/employee.go:88.2,91.4 1 1
github.com/najibjodiansyah/mekari-employee/controller/employee.go:94.59,97.16 3 0
github.com/najibjodiansyah/mekari-employee/controller/employee.go:97.16,101.3 1 0
github.com/najibjodiansyah/mekari-employee/controller/employee.go:102.2,103.44 2 0
github.com/najibjodiansyah/mekari-employee/controller/employee.go:103.44,107.3 1 0
github.com/najibjodiansyah/mekari-employee/controller/employee.go:108.2,108.50 1 0
github.com/najibjodiansyah/mekari-employee/controller/employee.go:108.50,112.3 1 0
github.com/najibjodiansyah/mekari-employee/controller/employee.go:113.2,114.16 2 0
github.com/najibjodiansyah/mekari-employee/controller/employee.go:114.16,115.55 1 0
github.com/najibjodiansyah/mekari-employee/controller/employee.go:115.55,119.4 1 0
github.com/najibjodiansyah/mekari-employee/controller/employee.go:120.3,120.41 1 0
github.com/najibjodiansyah/mekari-employee/controller/employee.go:120.41,124.4 1 0
github.com/najibjodiansyah/mekari-employee/controller/employee.go:125.3,127.5 1 0
github.com/najibjodiansyah/mekari-employee/controller/employee.go:129.2,131.4 1 0
github.com/najibjodiansyah/mekari-employee/controller/employee.go:134.62,137.16 3 1
github.com/najibjodiansyah/mekari-employee/controller/employee.go:137.16,141.3 1 1
github.com/najibjodiansyah/mekari-employee/controller/employee.go:142.2,143.16 2 1
github.com/najibjodiansyah/mekari-employee/controller/employee.go:143.16,144.41 1 1
github.com/najibjodiansyah/mekari-employee/controller/employee.go:144.41,148.4 1 1
github.com/najibjodiansyah/mekari-employee/controller/employee.go:149.3,151.5 1 1
github.com/najibjodiansyah/mekari-employee/controller/employee.go:153.2,155.4 1 1
github.com/najibjodiansyah/mekari-employee/model/domain/employee.go:20.52,23.16 3 1
github.com/najibjodiansyah/mekari-employee/model/domain/employee.go:23.16,26.3 2 1
github.com/najibjodiansyah/mekari-employee/model/domain/employee.go:26.8,28.3 1 1
github.com/najibjodiansyah/mekari-employee/pkg/config/config.go:24.13,32.24 5 1
github.com/najibjodiansyah/mekari-employee/pkg/config/config.go:32.24,34.3 1 0
github.com/najibjodiansyah/mekari-employee/pkg/config/config.go:36.2,36.82 1 1
github.com/najibjodiansyah/mekari-employee/pkg/config/config.go:36.82,38.3 1 1
github.com/najibjodiansyah/mekari-employee/pkg/config/config.go:40.2,46.16 6 1
github.com/najibjodiansyah/mekari-employee/pkg/config/config.go:46.16,47.56 1 0
github.com/najibjodiansyah/mekari-employee/pkg/config/config.go:51.2,53.16 2 1
github.com/najibjodiansyah/mekari-employee/pkg/config/config.go:53.16,55.3 1 0
github.com/najibjodiansyah/mekari-employee/pkg/config/config.go:58.30,60.51 2 1
github.com/najibjodiansyah/mekari-employee/pkg/config/config.go:60.51,62.3 1 1
github.com/najibjodiansyah/mekari-employee/pkg/config/config.go:63.2,63.17 1 1
github.com/najibjodiansyah/mekari-employee/pkg/postgres/bun.go:16.30,29.48 4 0
github.com/najibjodiansyah/mekari-employee/pkg/postgres/bun.go:29.48,31.3 1 0
github.com/najibjodiansyah/mekari-employee/pkg/postgres/bun.go:33.2,39.19 3 0
github.com/najibjodiansyah/mekari-employee/repository/employee.go:25.59,29.2 1 1
github.com/najibjodiansyah/mekari-employee/repository/employee.go:31.93,34.16 3 1
github.com/najibjodiansyah/mekari-employee/repository/employee.go:34.16,36.45 2 1
github.com/najibjodiansyah/mekari-employee/repository/employee.go:36.45,38.4 1 0
github.com/najibjodiansyah/mekari-employee/repository/employee.go:39.3,39.45 1 1
github.com/najibjodiansyah/mekari-employee/repository/employee.go:41.2,41.23 1 1
github.com/najibjodiansyah/mekari-employee/repository/employee.go:44.100,47.16 3 1
github.com/najibjodiansyah/mekari-employee/repository/employee.go:47.16,49.45 2 1
github.com/najibjodiansyah/mekari-employee/repository/employee.go:49.45,51.4 1 1
github.com/najibjodiansyah/mekari-employee/repository/employee.go:52.3,52.45 1 1
github.com/najibjodiansyah/mekari-employee/repository/employee.go:54.2,54.23 1 1
github.com/najibjodiansyah/mekari-employee/repository/employee.go:57.96,59.16 2 1
github.com/najibjodiansyah/mekari-employee/repository/employee.go:59.16,62.3 2 0
github.com/najibjodiansyah/mekari-employee/repository/employee.go:63.2,63.12 1 1
github.com/najibjodiansyah/mekari-employee/repository/employee.go:66.95,68.16 2 0
github.com/najibjodiansyah/mekari-employee/repository/employee.go:68.16,71.3 2 0
github.com/najibjodiansyah/mekari-employee/repository/employee.go:72.2,72.12 1 0
github.com/najibjodiansyah/mekari-employee/repository/employee.go:75.76,77.16 2 1
github.com/najibjodiansyah/mekari-employee/repository/employee.go:77.16,80.3 2 0
github.com/najibjodiansyah/mekari-employee/repository/employee.go:81.2,81.12 1 1
github.com/najibjodiansyah/mekari-employee/service/employee.go:23.85,27.2 1 1
github.com/najibjodiansyah/mekari-employee/service/employee.go:29.85,31.16 2 1
github.com/najibjodiansyah/mekari-employee/service/employee.go:31.16,33.3 1 1
github.com/najibjodiansyah/mekari-employee/service/employee.go:34.2,34.23 1 1
github.com/najibjodiansyah/mekari-employee/service/employee.go:37.95,39.16 2 1
github.com/najibjodiansyah/mekari-employee/service/employee.go:39.16,41.3 1 1
github.com/najibjodiansyah/mekari-employee/service/employee.go:42.2,42.22 1 1
github.com/najibjodiansyah/mekari-employee/service/employee.go:45.93,46.31 1 1
github.com/najibjodiansyah/mekari-employee/service/employee.go:46.31,47.51 1 1
github.com/najibjodiansyah/mekari-employee/service/employee.go:47.51,49.4 1 1
github.com/najibjodiansyah/mekari-employee/service/employee.go:51.2,52.16 2 1
github.com/najibjodiansyah/mekari-employee/service/employee.go:52.16,54.3 1 0
github.com/najibjodiansyah/mekari-employee/service/employee.go:55.2,55.12 1 1
github.com/najibjodiansyah/mekari-employee/service/employee.go:58.100,60.16 2 0
github.com/najibjodiansyah/mekari-employee/service/employee.go:60.16,62.3 1 0
github.com/najibjodiansyah/mekari-employee/service/employee.go:65.2,65.31 1 0
github.com/najibjodiansyah/mekari-employee/service/employee.go:65.31,66.50 1 0
github.com/najibjodiansyah/mekari-employee/service/employee.go:66.50,68.4 1 0
github.com/najibjodiansyah/mekari-employee/service/employee.go:70.2,70.31 1 0
github.com/najibjodiansyah/mekari-employee/service/employee.go:70.31,72.3 1 0
github.com/najibjodiansyah/mekari-employee/service/employee.go:73.2,73.30 1 0
github.com/najibjodiansyah/mekari-employee/service/employee.go:73.30,75.3 1 0
github.com/najibjodiansyah/mekari-employee/service/employee.go:76.2,76.27 1 0
github.com/najibjodiansyah/mekari-employee/service/employee.go:76.27,78.3 1 0
github.com/najibjodiansyah/mekari-employee/service/employee.go:79.2,79.31 1 0
github.com/najibjodiansyah/mekari-employee/service/employee.go:79.31,81.3 1 0
github.com/najibjodiansyah/mekari-employee/service/employee.go:83.2,84.16 2 0
github.com/najibjodiansyah/mekari-employee/service/employee.go:84.16,86.3 1 0
github.com/najibjodiansyah/mekari-employee/service/employee.go:87.2,87.12 1 0
github.com/najibjodiansyah/mekari-employee/service/employee.go:90.73,92.16 2 1
github.com/najibjodiansyah/mekari-employee/service/employee.go:92.16,94.3 1 1
github.com/najibjodiansyah/mekari-employee/service/employee.go:95.2,96.16 2 1
github.com/najibjodiansyah/mekari-employee/service/employee.go:96.16,98.3 1 0
github.com/najibjodiansyah/mekari-employee/service/employee.go:99.2,99.12 1 1
github.com/najibjodiansyah/mekari-employee/model/domain/employee.go:20.52,23.16 3 1
github.com/najibjodiansyah/mekari-employee/model/domain/employee.go:23.16,26.3 2 1
github.com/najibjodiansyah/mekari-employee/model/domain/employee.go:26.8,28.3 1 1
